<?xml version="1.0" encoding="UTF-8"?>
<!-- Generated by org.testng.reporters.JUnitReportReporter -->
<testsuite hostname="DESKTOP-7CR83HH" failures="0" tests="1" name="cucumber.TestNGTestRunner" time="26.045" errors="0" timestamp="2022-11-16T11:07:40 GMT-05:00" skipped="0">
  <testcase classname="cucumber.TestNGTestRunner" name="runScenario" time="26.045"/>
  <system-out/>
</testsuite> <!-- cucumber.TestNGTestRunner -->
