<?xml version="1.0" encoding="UTF-8"?>
<!-- Generated by org.testng.reporters.JUnitReportReporter -->
<testsuite hostname="DESKTOP-7CR83HH" failures="0" tests="1" name="rahulshettyacademy.test.Errorvalidation" time="6.029" errors="0" timestamp="2022-11-03T12:35:47 GMT-04:00" skipped="0">
  <testcase classname="rahulshettyacademy.test.Errorvalidation" name="Loginerrorvalidation" time="6.029"/>
  <system-out/>
</testsuite> <!-- rahulshettyacademy.test.Errorvalidation -->
